[debug] ----------------------------------------------------------------------
[debug] Command:      /usr/local/Cellar/node/7.7.1/bin/node /usr/local/Cellar/node/7.7.1/bin/firebase deploy --except functions
[debug] CLI Version:  3.7.0
[debug] Platform:     darwin
[debug] Node Version: v7.7.1
[debug] Time:         Sat May 13 2017 19:57:25 GMT+0530 (IST)
[debug] ----------------------------------------------------------------------
[debug] 
[debug] > command requires scopes: ["email","openid","https://www.googleapis.com/auth/cloudplatformprojects.readonly","https://www.googleapis.com/auth/firebase","https://www.googleapis.com/auth/cloud-platform"]
[debug] >>> HTTP REQUEST GET https://admin.firebase.com/v1/projects/rational-mote-664  
 Sat May 13 2017 19:57:25 GMT+0530 (IST)
[debug] <<< HTTP RESPONSE 200
[debug] >>> HTTP REQUEST GET https://admin.firebase.com/v1/database/rational-mote-664/tokens  
 Sat May 13 2017 19:57:27 GMT+0530 (IST)
[debug] <<< HTTP RESPONSE 500
[debug] <<< HTTP RESPONSE BODY
[error] 
[error] Error: HTTP Error: 500, An unknown error occurred. Please contact support.
[debug] Error Context: {
  "body": {
    "error": {
      "code": "UNKNOWN_ERROR",
      "message": "An unknown error occurred. Please contact support."
    }
  },
  "response": {
    "statusCode": 500,
    "body": {
      "error": {
        "code": "UNKNOWN_ERROR",
        "message": "An unknown error occurred. Please contact support."
      }
    },
    "headers": {
      "server": "nginx",
      "date": "Sat, 13 May 2017 14:27:32 GMT",
      "content-type": "application/json; charset=utf-8",
      "content-length": "97",
      "connection": "close",
      "x-content-type-options": "nosniff"
    },
    "request": {
      "uri": {
        "protocol": "https:",
        "slashes": true,
        "auth": null,
        "host": "admin.firebase.com",
        "port": 443,
        "hostname": "admin.firebase.com",
        "hash": null,
        "search": null,
        "query": null,
        "pathname": "/v1/database/rational-mote-664/tokens",
        "path": "/v1/database/rational-mote-664/tokens",
        "href": "https://admin.firebase.com/v1/database/rational-mote-664/tokens"
      },
      "method": "GET"
    }
  }
}
